<?xml version="1.0" encoding="UTF-8"?>
<!-- Generated by org.testng.reporters.JUnitXMLReporter -->
<testsuite hostname="DESKTOP-D6H5LIH" name="Regression" tests="3" failures="0" timestamp="23 Jul 2020 10:56:53 GMT" time="38.004" errors="0">
  <testcase name="MMTTest3" time="5.525" classname="MavenSeleniumTestProject.seleniumProject.TestCases3"/>
  <testcase name="MMTTest2" time="5.551" classname="MavenSeleniumTestProject.seleniumProject.TestCases2"/>
  <testcase name="MMTTest1" time="9.006" classname="MavenSeleniumTestProject.seleniumProject.TestCases"/>
</testsuite> <!-- Regression -->
