<?xml version="1.0" encoding="UTF-8"?>
<!-- Generated by org.testng.reporters.JUnitXMLReporter -->
<testsuite hostname="DESKTOP-D6H5LIH" name="Regression" tests="3" failures="0" timestamp="23 Jul 2020 11:11:48 GMT" time="66.587" errors="0">
  <testcase name="MMTTest3" time="8.97" classname="MavenSeleniumTestProject.seleniumProject.TestCases3"/>
  <testcase name="MMTTest2" time="8.746" classname="MavenSeleniumTestProject.seleniumProject.TestCases2"/>
  <testcase name="MMTTest1" time="7.122" classname="MavenSeleniumTestProject.seleniumProject.TestCases"/>
</testsuite> <!-- Regression -->
