<?xml version="1.0" encoding="UTF-8"?>
<!-- Generated by org.testng.reporters.JUnitXMLReporter -->
<testsuite hostname="DESKTOP-D6H5LIH" name="Regression" tests="3" failures="0" timestamp="24 Jul 2020 09:22:33 GMT" time="53.421" errors="0">
  <testcase name="MMTTest3" time="14.387" classname="MavenSeleniumTestProject.seleniumProject.TestCases3"/>
  <testcase name="MMTTest2" time="7.974" classname="MavenSeleniumTestProject.seleniumProject.TestCases2"/>
  <testcase name="MMTTest1" time="9.752" classname="MavenSeleniumTestProject.seleniumProject.TestCases"/>
</testsuite> <!-- Regression -->
