<?xml version="1.0" encoding="UTF-8"?>
<testng-results skipped="0" failed="0" total="3" passed="3">
  <reporter-output>
  </reporter-output>
  <suite name="Suite" duration-ms="53421" started-at="2020-07-24T09:21:40Z" finished-at="2020-07-24T09:22:33Z">
    <groups>
    </groups>
    <test name="Regression" duration-ms="53421" started-at="2020-07-24T09:21:40Z" finished-at="2020-07-24T09:22:33Z">
      <class name="MavenSeleniumTestProject.seleniumProject.TestCases">
        <test-method status="PASS" signature="configurationsSetup()[pri:0, instance:MavenSeleniumTestProject.seleniumProject.TestCases@1195bc3]" name="configurationsSetup" is-config="true" duration-ms="4838" started-at="2020-07-24T14:52:17Z" finished-at="2020-07-24T14:52:22Z">
          <reporter-output>
          </reporter-output>
        </test-method> <!-- configurationsSetup -->
        <test-method status="PASS" signature="MMTTest1()[pri:1, instance:MavenSeleniumTestProject.seleniumProject.TestCases@1195bc3]" name="MMTTest1" duration-ms="9752" started-at="2020-07-24T14:52:22Z" finished-at="2020-07-24T14:52:32Z">
          <reporter-output>
          </reporter-output>
        </test-method> <!-- MMTTest1 -->
        <test-method status="PASS" signature="tearDown()[pri:0, instance:MavenSeleniumTestProject.seleniumProject.TestCases@1195bc3]" name="tearDown" is-config="true" duration-ms="1015" started-at="2020-07-24T14:52:32Z" finished-at="2020-07-24T14:52:33Z">
          <reporter-output>
          </reporter-output>
        </test-method> <!-- tearDown -->
      </class> <!-- MavenSeleniumTestProject.seleniumProject.TestCases -->
      <class name="MavenSeleniumTestProject.seleniumProject.TestCases3">
        <test-method status="PASS" signature="configurationsSetup()[pri:0, instance:MavenSeleniumTestProject.seleniumProject.TestCases3@7f6b8c]" name="configurationsSetup" is-config="true" duration-ms="8458" started-at="2020-07-24T14:51:40Z" finished-at="2020-07-24T14:51:48Z">
          <reporter-output>
          </reporter-output>
        </test-method> <!-- configurationsSetup -->
        <test-method status="PASS" signature="MMTTest3()[pri:1, instance:MavenSeleniumTestProject.seleniumProject.TestCases3@7f6b8c]" name="MMTTest3" duration-ms="14387" started-at="2020-07-24T14:51:48Z" finished-at="2020-07-24T14:52:02Z">
          <reporter-output>
          </reporter-output>
        </test-method> <!-- MMTTest3 -->
        <test-method status="PASS" signature="tearDown()[pri:0, instance:MavenSeleniumTestProject.seleniumProject.TestCases3@7f6b8c]" name="tearDown" is-config="true" duration-ms="1098" started-at="2020-07-24T14:52:02Z" finished-at="2020-07-24T14:52:04Z">
          <reporter-output>
          </reporter-output>
        </test-method> <!-- tearDown -->
      </class> <!-- MavenSeleniumTestProject.seleniumProject.TestCases3 -->
      <class name="MavenSeleniumTestProject.seleniumProject.TestCases2">
        <test-method status="PASS" signature="configurationsSetup()[pri:0, instance:MavenSeleniumTestProject.seleniumProject.TestCases2@187f14]" name="configurationsSetup" is-config="true" duration-ms="4912" started-at="2020-07-24T14:52:04Z" finished-at="2020-07-24T14:52:08Z">
          <reporter-output>
          </reporter-output>
        </test-method> <!-- configurationsSetup -->
        <test-method status="PASS" signature="MMTTest2()[pri:1, instance:MavenSeleniumTestProject.seleniumProject.TestCases2@187f14]" name="MMTTest2" duration-ms="7974" started-at="2020-07-24T14:52:08Z" finished-at="2020-07-24T14:52:16Z">
          <reporter-output>
          </reporter-output>
        </test-method> <!-- MMTTest2 -->
        <test-method status="PASS" signature="tearDown()[pri:0, instance:MavenSeleniumTestProject.seleniumProject.TestCases2@187f14]" name="tearDown" is-config="true" duration-ms="959" started-at="2020-07-24T14:52:16Z" finished-at="2020-07-24T14:52:17Z">
          <reporter-output>
          </reporter-output>
        </test-method> <!-- tearDown -->
      </class> <!-- MavenSeleniumTestProject.seleniumProject.TestCases2 -->
    </test> <!-- Regression -->
  </suite> <!-- Suite -->
</testng-results>
