<?xml version="1.0" encoding="UTF-8"?>
<testsuite xmlns:xsi="http://www.w3.org/2001/XMLSchema-instance" xsi:noNamespaceSchemaLocation="https://maven.apache.org/surefire/maven-surefire-plugin/xsd/surefire-test-report-3.0.xsd" version="3.0" name="TestSuite" time="70.448" tests="3" errors="0" skipped="0" failures="0">
  <properties>
[...]
</properties>
  <testcase name="MMTTest3" classname="MavenSeleniumTestProject.seleniumProject.TestCases3" time="8.97"/>
  <testcase name="MMTTest2" classname="MavenSeleniumTestProject.seleniumProject.TestCases2" time="8.746"/>
  <testcase name="MMTTest1" classname="MavenSeleniumTestProject.seleniumProject.TestCases" time="7.107"/>
</testsuite>