<?xml version="1.0" encoding="UTF-8"?>
<testng-results skipped="0" failed="0" total="3" passed="3">
  <reporter-output>
  </reporter-output>
  <suite name="Suite" duration-ms="38004" started-at="2020-07-23T10:56:15Z" finished-at="2020-07-23T10:56:53Z">
    <groups>
    </groups>
    <test name="Regression" duration-ms="38004" started-at="2020-07-23T10:56:15Z" finished-at="2020-07-23T10:56:53Z">
      <class name="MavenSeleniumTestProject.seleniumProject.TestCases">
        <test-method status="PASS" signature="configurationsSetup()[pri:0, instance:MavenSeleniumTestProject.seleniumProject.TestCases@1b64261]" name="configurationsSetup" is-config="true" duration-ms="3862" started-at="2020-07-23T16:26:39Z" finished-at="2020-07-23T16:26:43Z">
          <reporter-output>
          </reporter-output>
        </test-method> <!-- configurationsSetup -->
        <test-method status="PASS" signature="MMTTest1()[pri:1, instance:MavenSeleniumTestProject.seleniumProject.TestCases@1b64261]" name="MMTTest1" duration-ms="9006" started-at="2020-07-23T16:26:43Z" finished-at="2020-07-23T16:26:52Z">
          <reporter-output>
          </reporter-output>
        </test-method> <!-- MMTTest1 -->
        <test-method status="PASS" signature="tearDown()[pri:0, instance:MavenSeleniumTestProject.seleniumProject.TestCases@1b64261]" name="tearDown" is-config="true" duration-ms="1112" started-at="2020-07-23T16:26:52Z" finished-at="2020-07-23T16:26:53Z">
          <reporter-output>
          </reporter-output>
        </test-method> <!-- tearDown -->
      </class> <!-- MavenSeleniumTestProject.seleniumProject.TestCases -->
      <class name="MavenSeleniumTestProject.seleniumProject.TestCases3">
        <test-method status="PASS" signature="configurationsSetup()[pri:0, instance:MavenSeleniumTestProject.seleniumProject.TestCases3@5185bd]" name="configurationsSetup" is-config="true" duration-ms="6948" started-at="2020-07-23T16:26:15Z" finished-at="2020-07-23T16:26:22Z">
          <reporter-output>
          </reporter-output>
        </test-method> <!-- configurationsSetup -->
        <test-method status="PASS" signature="MMTTest3()[pri:1, instance:MavenSeleniumTestProject.seleniumProject.TestCases3@5185bd]" name="MMTTest3" duration-ms="5525" started-at="2020-07-23T16:26:22Z" finished-at="2020-07-23T16:26:28Z">
          <reporter-output>
          </reporter-output>
        </test-method> <!-- MMTTest3 -->
        <test-method status="PASS" signature="tearDown()[pri:0, instance:MavenSeleniumTestProject.seleniumProject.TestCases3@5185bd]" name="tearDown" is-config="true" duration-ms="990" started-at="2020-07-23T16:26:28Z" finished-at="2020-07-23T16:26:29Z">
          <reporter-output>
          </reporter-output>
        </test-method> <!-- tearDown -->
      </class> <!-- MavenSeleniumTestProject.seleniumProject.TestCases3 -->
      <class name="MavenSeleniumTestProject.seleniumProject.TestCases2">
        <test-method status="PASS" signature="configurationsSetup()[pri:0, instance:MavenSeleniumTestProject.seleniumProject.TestCases2@bf3d14]" name="configurationsSetup" is-config="true" duration-ms="4017" started-at="2020-07-23T16:26:29Z" finished-at="2020-07-23T16:26:33Z">
          <reporter-output>
          </reporter-output>
        </test-method> <!-- configurationsSetup -->
        <test-method status="PASS" signature="MMTTest2()[pri:1, instance:MavenSeleniumTestProject.seleniumProject.TestCases2@bf3d14]" name="MMTTest2" duration-ms="5551" started-at="2020-07-23T16:26:33Z" finished-at="2020-07-23T16:26:38Z">
          <reporter-output>
          </reporter-output>
        </test-method> <!-- MMTTest2 -->
        <test-method status="PASS" signature="tearDown()[pri:0, instance:MavenSeleniumTestProject.seleniumProject.TestCases2@bf3d14]" name="tearDown" is-config="true" duration-ms="932" started-at="2020-07-23T16:26:38Z" finished-at="2020-07-23T16:26:39Z">
          <reporter-output>
          </reporter-output>
        </test-method> <!-- tearDown -->
      </class> <!-- MavenSeleniumTestProject.seleniumProject.TestCases2 -->
    </test> <!-- Regression -->
  </suite> <!-- Suite -->
</testng-results>
