<?xml version="1.0" encoding="UTF-8"?>
<testng-results skipped="0" failed="0" total="1" passed="1">
  <reporter-output>
  </reporter-output>
  <suite name="Default suite" duration-ms="22464" started-at="2020-07-25T14:31:41Z" finished-at="2020-07-25T14:32:04Z">
    <groups>
    </groups>
    <test name="Default test" duration-ms="22464" started-at="2020-07-25T14:31:41Z" finished-at="2020-07-25T14:32:04Z">
      <class name="MavenSeleniumTestProject.seleniumProject.TestCases">
        <test-method status="PASS" signature="configurationsSetup()[pri:0, instance:MavenSeleniumTestProject.seleniumProject.TestCases@1774679]" name="configurationsSetup" is-config="true" duration-ms="8331" started-at="2020-07-25T20:01:41Z" finished-at="2020-07-25T20:01:50Z">
          <reporter-output>
          </reporter-output>
        </test-method> <!-- configurationsSetup -->
        <test-method status="PASS" signature="MMTTest1()[pri:1, instance:MavenSeleniumTestProject.seleniumProject.TestCases@1774679]" name="MMTTest1" duration-ms="14032" started-at="2020-07-25T20:01:50Z" finished-at="2020-07-25T20:02:04Z">
          <reporter-output>
          </reporter-output>
        </test-method> <!-- MMTTest1 -->
        <test-method status="PASS" signature="tearDown()[pri:0, instance:MavenSeleniumTestProject.seleniumProject.TestCases@1774679]" name="tearDown" is-config="true" duration-ms="0" started-at="2020-07-25T20:02:04Z" finished-at="2020-07-25T20:02:04Z">
          <reporter-output>
          </reporter-output>
        </test-method> <!-- tearDown -->
      </class> <!-- MavenSeleniumTestProject.seleniumProject.TestCases -->
    </test> <!-- Default test -->
  </suite> <!-- Default suite -->
</testng-results>
